<?xml version="1.0" encoding="UTF-8"?>
<testsuite name="todo.todoTest" tests="1" skipped="0" failures="0" errors="0" timestamp="2022-06-11T07:41:59" hostname="anastasisgi-ThinkPad-T450" time="0.026">
  <properties/>
  <testcase name="testToDoThatHasSizeOfOneAfterOneEntry()" classname="todo.todoTest" time="0.026"/>
  <system-out><![CDATA[]]></system-out>
  <system-err><![CDATA[]]></system-err>
</testsuite>
