<?xml version="1.0" encoding="UTF-8"?>
<testsuite name="todo.todoTest" tests="3" skipped="0" failures="0" errors="0" timestamp="2022-06-06T20:17:55" hostname="anastasisgi-ThinkPad-T450" time="0.06">
  <properties/>
  <testcase name="testToDoListReturnsTheListOfToDos()" classname="todo.todoTest" time="0.052"/>
  <testcase name="testToDoThatHasSizeOfOneAfterOneEntry()" classname="todo.todoTest" time="0.002"/>
  <testcase name="testToDoWithEmpptyAndHasAsizeOfZero()" classname="todo.todoTest" time="0.002"/>
  <system-out><![CDATA[]]></system-out>
  <system-err><![CDATA[]]></system-err>
</testsuite>
