<?xml version="1.0" encoding="UTF-8"?>
<testsuite name="game.gameTest" tests="4" skipped="0" failures="0" errors="0" timestamp="2022-06-23T10:30:01" hostname="anastasisgi-ThinkPad-T450" time="0.615">
  <properties/>
  <testcase name="guessLetterTestToReturnFalseAndGetRemainingAttempts()" classname="game.gameTest" time="0.601"/>
  <testcase name="testGetsWordToGuess()" classname="game.gameTest" time="0.003"/>
  <testcase name="getsRemainingAndInitialAttempts()" classname="game.gameTest" time="0.005"/>
  <testcase name="guessLetterTestToReturnTrueAndGetRemainingAttempts()" classname="game.gameTest" time="0.002"/>
  <system-out><![CDATA[]]></system-out>
  <system-err><![CDATA[]]></system-err>
</testsuite>
