<?xml version="1.0" encoding="UTF-8"?>
<testsuite name="game.gameTest" tests="2" skipped="0" failures="0" errors="0" timestamp="2022-06-09T19:05:53" hostname="anastasisgi-ThinkPad-T450" time="0.045">
  <properties/>
  <testcase name="testGetsWordToGuess()" classname="game.gameTest" time="0.041"/>
  <testcase name="getsRemainingAndInitialAttempts()" classname="game.gameTest" time="0.002"/>
  <system-out><![CDATA[]]></system-out>
  <system-err><![CDATA[]]></system-err>
</testsuite>
